<?xml version="1.0" encoding="UTF-8"?>
<Site BuildName="Win32-ninja"
	BuildStamp="20240622-0848-Experimental"
	Name="DESKTOP-0A0GPJC"
	Generator="ctest-3.26.4-msvc4"
	CompilerName="C:/msys64/mingw32/bin/g++.exe"
	CompilerVersion="13.2.0"
	OSName="Windows"
	Hostname="DESKTOP-0A0GPJC"
	OSRelease=" Professional"
	OSVersion=" (Build 22631)"
	OSPlatform="AMD64"
	Is64Bits="1"
	VendorString="GenuineIntel"
	VendorID="Intel Corporation"
	FamilyID="6"
	ModelID="7"
	ProcessorCacheSize="-1"
	NumberOfLogicalCPU="12"
	NumberOfPhysicalCPU="6"
	TotalVirtualMemory="59205"
	TotalPhysicalMemory="32581"
	LogicalProcessorsPerPhysical="2"
	ProcessorClockFrequency="2495"
	>
	<Testing>
		<StartDateTime>Jun 22 16:00 RTZ 2 ([NON-UTF-8-BYTE-0x84]x[NON-UTF-8-BYTE-0x84]y[NON-UTF-8-BYTE-0x84]}[NON-UTF-8-BYTE-0x84]p)</StartDateTime>
		<StartTestTime>1719061242</StartTestTime>
		<TestList/>
		<EndDateTime>Jun 22 16:00 RTZ 2 ([NON-UTF-8-BYTE-0x84]x[NON-UTF-8-BYTE-0x84]y[NON-UTF-8-BYTE-0x84]}[NON-UTF-8-BYTE-0x84]p)</EndDateTime>
		<EndTestTime>1719061242</EndTestTime>
		<ElapsedMinutes>0</ElapsedMinutes>
	</Testing>
</Site>
